<?xml version="1.0" encoding="UTF-8"?>
<!-- Generated by org.testng.reporters.JUnitXMLReporter -->
<testsuite hostname="IraKusnindi" ignored="0" name="Default test" tests="3" failures="0" timestamp="2020-06-22T12:43:05 ICT" time="26.215" errors="0">
  <testcase name="test1" time="1.502" classname="com.efishery.ira.TestEfishery"/>
  <testcase name="test2" time="7.411" classname="com.efishery.ira.TestEfishery"/>
  <testcase name="test3" time="1.692" classname="com.efishery.ira.TestEfishery"/>
</testsuite> <!-- Default test -->
