<?xml version="1.0" encoding="UTF-8"?>
<!-- Generated by org.testng.reporters.JUnitXMLReporter -->
<testsuite hostname="IraKusnindi" ignored="0" name="Default test" tests="3" failures="0" timestamp="2020-06-21T17:48:48 ICT" time="18.027" errors="0">
  <testcase name="test1" time="1.533" classname="com.efishery.ira.TestEfishery"/>
  <testcase name="test2" time="7.413" classname="com.efishery.ira.TestEfishery"/>
  <testcase name="test3" time="1.55" classname="com.efishery.ira.TestEfishery"/>
</testsuite> <!-- Default test -->
