<?xml version="1.0" encoding="UTF-8"?>
<testng-results skipped="0" failed="0" ignored="0" total="3" passed="3">
  <reporter-output>
  </reporter-output>
  <suite name="Default suite" duration-ms="26215" started-at="2020-06-22T12:42:38 ICT" finished-at="2020-06-22T12:43:05 ICT">
    <groups>
    </groups>
    <test name="Default test" duration-ms="26215" started-at="2020-06-22T12:42:38 ICT" finished-at="2020-06-22T12:43:05 ICT">
      <class name="com.efishery.ira.TestEfishery">
        <test-method status="PASS" signature="setUpBeforeClass()[pri:0, instance:com.efishery.ira.TestEfishery@68bbe345]" name="setUpBeforeClass" is-config="true" duration-ms="14524" started-at="2020-06-22T12:42:38 ICT" finished-at="2020-06-22T12:42:53 ICT">
          <reporter-output>
          </reporter-output>
        </test-method> <!-- setUpBeforeClass -->
        <test-method status="PASS" signature="test1()[pri:1, instance:com.efishery.ira.TestEfishery@68bbe345]" name="test1" duration-ms="1502" started-at="2020-06-22T12:42:53 ICT" finished-at="2020-06-22T12:42:54 ICT">
          <reporter-output>
          </reporter-output>
        </test-method> <!-- test1 -->
        <test-method status="PASS" signature="test2()[pri:2, instance:com.efishery.ira.TestEfishery@68bbe345]" name="test2" duration-ms="7411" started-at="2020-06-22T12:42:54 ICT" finished-at="2020-06-22T12:43:02 ICT">
          <reporter-output>
          </reporter-output>
        </test-method> <!-- test2 -->
        <test-method status="PASS" signature="test3()[pri:3, instance:com.efishery.ira.TestEfishery@68bbe345]" name="test3" duration-ms="1692" started-at="2020-06-22T12:43:02 ICT" finished-at="2020-06-22T12:43:04 ICT">
          <reporter-output>
          </reporter-output>
        </test-method> <!-- test3 -->
        <test-method status="PASS" signature="tearDownAfterClass()[pri:0, instance:com.efishery.ira.TestEfishery@68bbe345]" name="tearDownAfterClass" is-config="true" duration-ms="1035" started-at="2020-06-22T12:43:04 ICT" finished-at="2020-06-22T12:43:05 ICT">
          <reporter-output>
          </reporter-output>
        </test-method> <!-- tearDownAfterClass -->
      </class> <!-- com.efishery.ira.TestEfishery -->
    </test> <!-- Default test -->
  </suite> <!-- Default suite -->
</testng-results>
